<?xml version="1.0" encoding="UTF-8"?>
<testsuite name="guru.qa.ExampleTest" tests="2" skipped="0" failures="0" errors="0" timestamp="2022-10-03T13:42:11" hostname="MacBook-Air-Anastasia.local" time="0.034">
  <properties/>
  <testcase name="exampleTest_0()" classname="guru.qa.ExampleTest" time="0.029"/>
  <testcase name="exampleTest_1()" classname="guru.qa.ExampleTest" time="0.003"/>
  <system-out><![CDATA[]]></system-out>
  <system-err><![CDATA[]]></system-err>
</testsuite>
